number,value,datetime_start,datetime_complete,duration,params_colsample_bytree,params_early_stopping_rounds,params_gamma,params_learning_rate,params_max_depth,params_min_child_weight,params_reg_alpha,params_reg_lambda,params_subsample,user_attrs_accuracy,user_attrs_balanced_accuracy,user_attrs_mcc,user_attrs_mean_best_iteration,user_attrs_ordinal_mae,user_attrs_severe_error,user_attrs_within_one,system_attrs_tpe:relative_params:0,state
0,0.4497672861000742,2026-09-19 12:25:29.692364,2026-09-19 12:26:45.323353,0 days 00:01:15.630989,0.6624074561769746,100,0.7799726016810132,0.017873564613001217,10,6.028563143721882,3.3323645788192616e-08,7.5504986209563665,0.8394633936788146,0.5343719090009891,0.4932152341576536,0.3220497035054876,2741.5,0.5888971315529179,0.10867952522255193,0.891320474777448,,COMPLETE
1,0.30723697699108987,2026-09-19 12:26:45.323498,2026-09-19 12:27:26.419240,0 days 00:00:41.095742,0.6849356442713105,100,0.9091248360355031,0.05557494721547488,3,13.540804321249833,4.4734294104626844e-07,0.023021277110080198,0.9329770563201687,0.41876854599406527,0.4671341645442393,0.20655407912036172,2555.5,0.8128090999010881,0.1933728981206726,0.8066271018793274,,COMPLETE
2,0.3610229001840234,2026-09-19 12:27:26.419424,2026-09-19 12:28:18.894560,0 days 00:00:52.475136,0.7168578594140873,60,1.8318092164684585,0.02172727054864738,5,4.006368751999268,0.00012724181576752517,3.2758800065878395,0.6557975442608167,0.46080613254203756,0.47747624870928684,0.24787411072120613,2738.5,0.7216864490603363,0.15702274975272007,0.8429772502472799,,COMPLETE
3,0.4296945386508483,2026-09-19 12:28:18.894709,2026-09-19 12:29:36.168756,0 days 00:01:17.274047,0.6682096494749166,120,0.3252579649263976,0.02874462340995989,7,0.5855754977762047,3.4671276804481113,21.04998058047481,0.8430179407605753,0.5144658753709199,0.4961910024842496,0.29995636420683247,2825.0,0.6186943620178041,0.11696340257171117,0.8830365974282888,,COMPLETE
4,0.2109531459838601,2026-09-19 12:29:36.168941,2026-09-19 12:30:20.283800,0 days 00:00:44.114859,0.6488152939379115,60,2.475884550556351,0.014090340145923627,3,5.124661108462077,2.039373116525212e-08,11.779794101330705,0.7760609974958406,0.30291790306627103,0.443687438931875,0.13023485745191357,2629.25,1.0735657764589515,0.2990850642927794,0.7009149357072205,,COMPLETE
5,0.28295107514977125,2026-09-19 12:30:20.283921,2026-09-19 12:30:56.302127,0 days 00:00:36.018206,0.6739417822102108,140,4.847923138822793,0.047598772413463386,5,2.932064584848263,0.09466630153726856,16.078690668199,0.8186841117373118,0.3994807121661721,0.4674688888522347,0.19240803077737462,1831.75,0.844213649851632,0.20548961424332343,0.7945103857566765,,COMPLETE
6,0.4609983553574392,2026-09-19 12:30:56.302290,2026-09-19 12:31:35.878439,0 days 00:00:39.576149,0.6180909155642152,120,1.6266516538163218,0.03820680934616659,10,0.6755914738225409,3.148441347423712e-05,0.016400705022266843,0.6783931449676581,0.5499505440158259,0.48636463217882653,0.3390691736912151,1610.25,0.5646636993076162,0.10212660731948565,0.8978733926805144,,COMPLETE
7,0.3302675686530038,2026-09-19 12:31:35.878574,2026-09-19 12:32:37.929892,0 days 00:01:02.051318,0.9208787923016158,60,0.3727532183988541,0.016824335720939766,5,3.1666343876609195,7.620481786158549,2.8670381406027654,0.6563696899899051,0.44226013847675566,0.47091974349279686,0.23328574112018935,2661.5,0.7679277942631059,0.17668150346191888,0.8233184965380811,,COMPLETE
8,0.4010649907196327,2026-09-19 12:32:37.930059,2026-09-19 12:34:28.023095,0 days 00:01:50.093036,0.9085081386743783,140,0.3702232586704518,0.005094796489697568,9,5.534571609696724,1.683416412018213e-05,0.0033018689263435343,0.8916028672163949,0.4991345202769535,0.4936467443564482,0.2941613009918846,2998.75,0.6586300692383779,0.1357566765578635,0.8642433234421365,,COMPLETE
9,0.3286063109886623,2026-09-19 12:34:28.023176,2026-09-19 12:35:20.311633,0 days 00:00:52.288457,0.7300733288106989,80,3.64803089169032,0.04165401945150998,5,0.620659481764711,0.005470376807480391,9.37905380401463,0.7243929286862649,0.43669634025717113,0.4759248253523139,0.2285479688051769,2237.5,0.7670623145400594,0.173837784371909,0.826162215628091,,COMPLETE
10,0.47663360071493577,2026-09-19 12:35:20.311725,2026-09-19 12:36:16.207803,0 days 00:00:55.896078,0.7605184682583072,100,0.02756186063809385,0.032358401173522254,9,1.1633060346705204,2.453982883175367e-08,7.5596778078102025,0.7156531074827586,0.5592235410484668,0.48183059471183604,0.34088870399082644,1340.5,0.5437685459940653,0.09149357072205737,0.9085064292779427,"{""colsample_bytree"": 0.7605184682583072, ""early_stopping_rounds"": 100, ""gamma"": 0.02756186063809385, ""learning_rate"": 0.032358401173522254, ""max_depth"": 9, ""min_child_weight"": 1.1633060346705204, ""reg_alpha"": 2.453982883175367e-08, ""reg_lambda"": 7.5596778078102025, ""subsample"": 0.7156531074827586}",COMPLETE
11,0.4250702723755169,2026-09-19 12:36:16.207886,2026-09-19 12:37:05.068297,0 days 00:00:48.860411,0.7049856908933044,120,2.4706662440334517,0.04780433150483851,7,0.8006854049919956,0.0010806996903432679,0.02846404668030982,0.6633465370033093,0.5181750741839762,0.4836161682644768,0.30936310652072196,2016.75,0.6195598417408507,0.12030168150346192,0.8796983184965381,"{""colsample_bytree"": 0.7049856908933044, ""early_stopping_rounds"": 120, ""gamma"": 2.4706662440334517, ""learning_rate"": 0.04780433150483851, ""max_depth"": 7, ""min_child_weight"": 0.8006854049919956, ""reg_alpha"": 0.0010806996903432679, ""reg_lambda"": 0.02846404668030982, ""subsample"": 0.6633465370033093}",COMPLETE
12,0.47908848755191624,2026-09-19 12:37:05.068382,2026-09-19 12:37:36.998531,0 days 00:00:31.930149,0.6661398799629875,120,0.9333838493612959,0.04224609598528306,10,1.1067494738134809,1.0385834954195047e-07,0.06259203181187217,0.7526620682851809,0.5635509396636993,0.4847272433554619,0.34734836317623796,958.75,0.5382047477744807,0.09038081107814046,0.9096191889218596,"{""colsample_bytree"": 0.6661398799629875, ""early_stopping_rounds"": 120, ""gamma"": 0.9333838493612959, ""learning_rate"": 0.04224609598528306, ""max_depth"": 10, ""min_child_weight"": 1.1067494738134809, ""reg_alpha"": 1.0385834954195047e-07, ""reg_lambda"": 0.06259203181187217, ""subsample"": 0.7526620682851809}",COMPLETE
13,0.44481433217349997,2026-09-19 12:37:36.998628,2026-09-19 12:38:22.151992,0 days 00:00:45.153364,0.7051639096369211,120,1.9677220462192024,0.03595021356849876,10,1.8071313228735961,1.2897789233983153e-08,0.0013105326457490203,0.7829345759078616,0.5301681503461919,0.5009794249956918,0.32474231059881487,1803.25,0.5991592482690405,0.1132542037586548,0.8867457962413452,"{""colsample_bytree"": 0.7051639096369211, ""early_stopping_rounds"": 120, ""gamma"": 1.9677220462192024, ""learning_rate"": 0.03595021356849876, ""max_depth"": 10, ""min_child_weight"": 1.8071313228735961, ""reg_alpha"": 1.2897789233983153e-08, ""reg_lambda"": 0.0013105326457490203, ""subsample"": 0.7829345759078616}",COMPLETE
14,0.47384932751536113,2026-09-19 12:38:22.152158,2026-09-19 12:39:14.336667,0 days 00:00:52.184509,0.6976131964491336,120,0.3511182167213819,0.03244965843533538,7,0.7405957644219272,1.0496929803358762e-07,0.5505404864984941,0.6544039726268169,0.558728981206726,0.4744511077839576,0.33745782964548415,1682.5,0.5410484668644906,0.0888971315529179,0.9111028684470821,"{""colsample_bytree"": 0.6976131964491336, ""early_stopping_rounds"": 120, ""gamma"": 0.3511182167213819, ""learning_rate"": 0.03244965843533538, ""max_depth"": 7, ""min_child_weight"": 0.7405957644219272, ""reg_alpha"": 1.0496929803358762e-07, ""reg_lambda"": 0.5505404864984941, ""subsample"": 0.6544039726268169}",COMPLETE
15,0.46397499962702027,2026-09-19 12:39:14.336756,2026-09-19 12:39:41.701678,0 days 00:00:27.364922,0.6860228672677706,100,0.576036950210047,0.0824750861199079,9,1.6402853301917837,6.803833445132853e-08,7.565355713889214,0.7344072348475432,0.5501978239366964,0.47958856729586596,0.3287468365081467,627.25,0.5545252225519288,0.09297725024727992,0.9070227497527201,"{""colsample_bytree"": 0.6860228672677706, ""early_stopping_rounds"": 100, ""gamma"": 0.576036950210047, ""learning_rate"": 0.0824750861199079, ""max_depth"": 9, ""min_child_weight"": 1.6402853301917837, ""reg_alpha"": 6.803833445132853e-08, ""reg_lambda"": 7.565355713889214, ""subsample"": 0.7344072348475432}",COMPLETE
16,0.48349456775996763,2026-09-19 12:39:41.701773,2026-09-19 12:40:28.904490,0 days 00:00:47.202717,0.6729981187169026,140,0.7384392255501286,0.033064670280913026,9,1.3809101173602867,5.741250130263529e-07,0.03373131377373477,0.7370961858810728,0.5705984174085065,0.48658120777437563,0.3555411979760294,1217.0,0.529055390702275,0.08877349159248268,0.9112265084075173,"{""colsample_bytree"": 0.6729981187169026, ""early_stopping_rounds"": 140, ""gamma"": 0.7384392255501286, ""learning_rate"": 0.033064670280913026, ""max_depth"": 9, ""min_child_weight"": 1.3809101173602867, ""reg_alpha"": 5.741250130263529e-07, ""reg_lambda"": 0.03373131377373477, ""subsample"": 0.7370961858810728}",COMPLETE
17,0.4897488703947186,2026-09-19 12:40:28.904662,2026-09-19 12:40:59.225186,0 days 00:00:30.320524,0.6905595354993515,140,0.03241648777317363,0.04765044742357722,10,2.0731497332846125,0.0006142651121295017,0.045512961896462936,0.7745676697874355,0.5723293768545994,0.4870672258470596,0.3538645845107492,543.5,0.5228733926805144,0.08531157270029674,0.9146884272997032,"{""colsample_bytree"": 0.6905595354993515, ""early_stopping_rounds"": 140, ""gamma"": 0.03241648777317363, ""learning_rate"": 0.04765044742357722, ""max_depth"": 10, ""min_child_weight"": 2.0731497332846125, ""reg_alpha"": 0.0006142651121295017, ""reg_lambda"": 0.045512961896462936, ""subsample"": 0.7745676697874355}",COMPLETE
18,0.4896146185710123,2026-09-19 12:40:59.225280,2026-09-19 12:41:35.131622,0 days 00:00:35.906342,0.7348242331341368,120,0.42480685359872034,0.037076444909226076,9,1.1382717971766645,0.0015884376194019228,0.4476829822815057,0.7712721183514554,0.5733184965380811,0.48586380598183665,0.35504990500369443,868.0,0.5195351137487636,0.08259149357072205,0.917408506429278,"{""colsample_bytree"": 0.7348242331341368, ""early_stopping_rounds"": 120, ""gamma"": 0.42480685359872034, ""learning_rate"": 0.037076444909226076, ""max_depth"": 9, ""min_child_weight"": 1.1382717971766645, ""reg_alpha"": 0.0015884376194019228, ""reg_lambda"": 0.4476829822815057, ""subsample"": 0.7712721183514554}",COMPLETE
19,0.48023872609637247,2026-09-19 12:41:35.131753,2026-09-19 12:42:08.388960,0 days 00:00:33.257207,0.7264429937736427,120,0.05544077888430106,0.056179074922469645,8,3.313146184777459,0.00010748653875588777,0.03503547580171642,0.7978509483328142,0.5625618199802176,0.48878644502323576,0.34429425225411536,849.5,0.5408011869436202,0.09235905044510385,0.9076409495548962,"{""colsample_bytree"": 0.7264429937736427, ""early_stopping_rounds"": 120, ""gamma"": 0.05544077888430106, ""learning_rate"": 0.056179074922469645, ""max_depth"": 8, ""min_child_weight"": 3.313146184777459, ""reg_alpha"": 0.00010748653875588777, ""reg_lambda"": 0.03503547580171642, ""subsample"": 0.7978509483328142}",COMPLETE
20,0.49070114755631666,2026-09-19 12:42:08.389129,2026-09-19 12:42:50.124625,0 days 00:00:41.735496,0.6727723142480915,120,0.6413066044459287,0.041606498696893375,10,1.4115316963725624,0.008871468610038968,0.2684941807745774,0.8456814329116074,0.5739366963402571,0.49374373036652675,0.3617249798131748,1195.25,0.5211424332344213,0.08419881305637983,0.9158011869436202,"{""colsample_bytree"": 0.6727723142480915, ""early_stopping_rounds"": 120, ""gamma"": 0.6413066044459287, ""learning_rate"": 0.041606498696893375, ""max_depth"": 10, ""min_child_weight"": 1.4115316963725624, ""reg_alpha"": 0.008871468610038968, ""reg_lambda"": 0.2684941807745774, ""subsample"": 0.8456814329116074}",COMPLETE
21,0.4760760129451719,2026-09-19 12:42:50.124718,2026-09-19 12:43:16.343058,0 days 00:00:26.218340,0.6171545077420831,140,0.3974168502314494,0.057308095223176675,9,2.589384044767712,2.853397189038456e-05,0.023906827651131057,0.7462351948238182,0.5631800197823936,0.4761721937298365,0.3434660016717506,643.5,0.5352373887240356,0.0879080118694362,0.9120919881305638,"{""colsample_bytree"": 0.6171545077420831, ""early_stopping_rounds"": 140, ""gamma"": 0.3974168502314494, ""learning_rate"": 0.057308095223176675, ""max_depth"": 9, ""min_child_weight"": 2.589384044767712, ""reg_alpha"": 2.853397189038456e-05, ""reg_lambda"": 0.023906827651131057, ""subsample"": 0.7462351948238182}",COMPLETE
22,0.49009518049065887,2026-09-19 12:43:16.343164,2026-09-19 12:43:52.527815,0 days 00:00:36.184651,0.767384433751186,140,0.5119405510474355,0.03186316785998451,10,1.8467753301646068,0.0054606311097227835,0.008903439578058394,0.7227822121727823,0.5748021760633036,0.4886738576768971,0.35830124313331857,807.25,0.522131552917903,0.08555885262116716,0.9144411473788329,"{""colsample_bytree"": 0.767384433751186, ""early_stopping_rounds"": 140, ""gamma"": 0.5119405510474355, ""learning_rate"": 0.03186316785998451, ""max_depth"": 10, ""min_child_weight"": 1.8467753301646068, ""reg_alpha"": 0.0054606311097227835, ""reg_lambda"": 0.008903439578058394, ""subsample"": 0.7227822121727823}",COMPLETE
23,0.46832948501480665,2026-09-19 12:43:52.527894,2026-09-19 12:44:44.945113,0 days 00:00:52.417219,0.7284455942596152,120,0.29955856409935633,0.026281973428144565,9,3.8282520240935156,0.0012355321218261303,0.022727909000744013,0.6659068249202983,0.5558852621167161,0.4783430219394341,0.33653881614247494,1389.25,0.5477250247279921,0.0917408506429278,0.9082591493570722,"{""colsample_bytree"": 0.7284455942596152, ""early_stopping_rounds"": 120, ""gamma"": 0.29955856409935633, ""learning_rate"": 0.026281973428144565, ""max_depth"": 9, ""min_child_weight"": 3.8282520240935156, ""reg_alpha"": 0.0012355321218261303, ""reg_lambda"": 0.022727909000744013, ""subsample"": 0.6659068249202983}",COMPLETE
24,0.47865003247064564,2026-09-19 12:44:44.945276,2026-09-19 12:45:20.586683,0 days 00:00:35.641407,0.7340166309747629,140,1.2632323412145254,0.055715158847806714,10,0.8458104007828589,0.0039138123289027184,0.01539638711754832,0.7572585528001512,0.5619436201780416,0.4942493411295099,0.349037088824758,1246.25,0.5432739861523245,0.0928536102868447,0.9071463897131553,"{""colsample_bytree"": 0.7340166309747629, ""early_stopping_rounds"": 140, ""gamma"": 1.2632323412145254, ""learning_rate"": 0.055715158847806714, ""max_depth"": 10, ""min_child_weight"": 0.8458104007828589, ""reg_alpha"": 0.0039138123289027184, ""reg_lambda"": 0.01539638711754832, ""subsample"": 0.7572585528001512}",COMPLETE
